<?xml version="1.0" encoding="UTF-8"?>
<!-- Generated by org.testng.reporters.JUnitReportReporter -->
<testsuite hostname="TCG99519M" name="coop.digital.eStores.testAutomation.tests.test1" tests="1" failures="0" timestamp="3 Jul 2017 14:11:26 GMT" time="38.604" errors="0">
  <testcase name="testSteps" time="38.604" classname="coop.digital.eStores.testAutomation.tests.test1"/>
</testsuite> <!-- coop.digital.eStores.testAutomation.tests.test1 -->
