<?xml version="1.0" encoding="UTF-8"?>
<!-- Generated by org.testng.reporters.JUnitReportReporter -->
<testsuite hostname="TCG99519M" name="coop.digital.eStores.testAutomation.tests.test1" tests="1" failures="0" timestamp="20 Jun 2017 14:30:18 GMT" time="46.460" errors="0">
  <testcase name="testSteps" time="46.460" classname="coop.digital.eStores.testAutomation.tests.test1"/>
</testsuite> <!-- coop.digital.eStores.testAutomation.tests.test1 -->
